Using pre-set license
Built from '2020.2/release' branch; Version is '2020.2.1f1 (270dd8c3da1c) revision 2559448'; Using compiler version '192528614'; Build Type 'Release'
OS: 'Windows 10  (10.0.0) 64bit' Language: 'en' Physical Memory: 16304 MB
BatchMode: 1, IsHumanControllingUs: 0, StartBugReporterOnCrash: 0, Is64bit: 1, IsPro: 0

 COMMAND LINE ARGUMENTS:
C:\Program Files\Unity\Hub\Editor\2020.2.1f1\Editor\Unity.exe
-adb2
-batchMode
-noUpm
-name
AssetImportWorker0
-projectPath
C:/Users/Frederik/Documents/Unity/ARBIoT
-logFile
Logs/AssetImportWorker0.log
-srvPort
62959
Successfully changed project path to: C:/Users/Frederik/Documents/Unity/ARBIoT
C:/Users/Frederik/Documents/Unity/ARBIoT
Using Asset Import Pipeline V2.
Refreshing native plugins compatible for Editor in 56.21 ms, found 1 plugins.
Preloading 0 native plugins for Editor in 0.00 ms.
Initialize engine version: 2020.2.1f1 (270dd8c3da1c)
[Subsystems] Discovering subsystems at path C:/Program Files/Unity/Hub/Editor/2020.2.1f1/Editor/Data/Resources/UnitySubsystems
[Subsystems] Discovering subsystems at path C:/Users/Frederik/Documents/Unity/ARBIoT/Assets
GfxDevice: creating device client; threaded=0
Direct3D:
    Version:  Direct3D 11.0 [level 11.1]
    Renderer: NVIDIA GeForce GTX 1080 (ID=0x1b80)
    Vendor:   
    VRAM:     8079 MB
    Driver:   27.21.14.6140
Initialize mono
Mono path[0] = 'C:/Program Files/Unity/Hub/Editor/2020.2.1f1/Editor/Data/Managed'
Mono path[1] = 'C:/Program Files/Unity/Hub/Editor/2020.2.1f1/Editor/Data/MonoBleedingEdge/lib/mono/unityjit'
Mono config path = 'C:/Program Files/Unity/Hub/Editor/2020.2.1f1/Editor/Data/MonoBleedingEdge/etc'
Using monoOptions --debugger-agent=transport=dt_socket,embedding=1,server=y,suspend=n,address=127.0.0.1:56984
Begin MonoManager ReloadAssembly
Registering precompiled unity dll's ...
Register platform support module: C:/Program Files/Unity/Hub/Editor/2020.2.1f1/Editor/Data/PlaybackEngines/WebGLSupport/UnityEditor.WebGL.Extensions.dll
Register platform support module: C:/Program Files/Unity/Hub/Editor/2020.2.1f1/Editor/Data/PlaybackEngines/MacStandaloneSupport/UnityEditor.OSXStandalone.Extensions.dll
Register platform support module: C:/Program Files/Unity/Hub/Editor/2020.2.1f1/Editor/Data/PlaybackEngines/WindowsStandaloneSupport/UnityEditor.WindowsStandalone.Extensions.dll
Register platform support module: C:/Program Files/Unity/Hub/Editor/2020.2.1f1/Editor/Data/PlaybackEngines/LinuxStandaloneSupport/UnityEditor.LinuxStandalone.Extensions.dll
Register platform support module: C:/Program Files/Unity/Hub/Editor/2020.2.1f1/Editor/Data/PlaybackEngines/LuminSupport/UnityEditor.Lumin.Extensions.dll
Registered in 0.183702 seconds.
Native extension for Lumin target not found
Native extension for LinuxStandalone target not found
Native extension for WindowsStandalone target not found
Native extension for OSXStandalone target not found
Native extension for WebGL target not found
Refreshing native plugins compatible for Editor in 25.89 ms, found 1 plugins.
Preloading 0 native plugins for Editor in 0.00 ms.
Invoked RoslynAnalysisRunner static constructor.
RoslynAnalysisRunner will not be running.
RoslynAnalysisRunner has terminated.
Mono: successfully reloaded assembly
- Completed reload, in  4.432 seconds
Platform modules already initialized, skipping
Registering precompiled user dll's ...
Registered in 0.063923 seconds.
Begin MonoManager ReloadAssembly
Native extension for Lumin target not found
Native extension for LinuxStandalone target not found
Native extension for WindowsStandalone target not found
Native extension for OSXStandalone target not found
Native extension for WebGL target not found
Refreshing native plugins compatible for Editor in 0.40 ms, found 1 plugins.
Preloading 0 native plugins for Editor in 0.00 ms.
Invoked RoslynAnalysisRunner static constructor.
RoslynAnalysisRunner will not be running.
RoslynAnalysisRunner has terminated.
Mono: successfully reloaded assembly
- Completed reload, in  1.723 seconds
Platform modules already initialized, skipping
========================================================================
Worker process is ready to serve import requests
Launched and connected shader compiler UnityShaderCompiler.exe after 0.02 seconds
Refreshing native plugins compatible for Editor in 0.48 ms, found 1 plugins.
Preloading 0 native plugins for Editor in 0.00 ms.
Unloading 1781 Unused Serialized files (Serialized files now loaded: 0)
System memory in use before: 78.2 MB.
System memory in use after: 78.2 MB.

Unloading 35 unused Assets to reduce memory usage. Loaded Objects now: 2208.
Total: 1.686900 ms (FindLiveObjects: 0.177500 ms CreateObjectMapping: 0.068500 ms MarkObjects: 1.381300 ms  DeleteObjects: 0.058700 ms)

========================================================================
Received Import Request.
  path: Assets/GoogleARCore
  artifactKey: Guid(afb3e05691ff94d2cbad20643e5c5879) Importer(815301076,1909f56bfc062723c751e8b465ee728b)
Start importing Assets/GoogleARCore using Guid(afb3e05691ff94d2cbad20643e5c5879) Importer(815301076,1909f56bfc062723c751e8b465ee728b)  -> (artifact id: 'd94877deb5eb4040a3fa0bbb9e25af25') in 0.007268 seconds
  Import took 0.009506 seconds .

========================================================================
Received Import Request.
  Time since last request: 0.000192 seconds.
  path: Assets/GoogleARCore/SDK
  artifactKey: Guid(84e45386d8da3497591c38deb2bccd02) Importer(815301076,1909f56bfc062723c751e8b465ee728b)
Start importing Assets/GoogleARCore/SDK using Guid(84e45386d8da3497591c38deb2bccd02) Importer(815301076,1909f56bfc062723c751e8b465ee728b)  -> (artifact id: '55be6fa1984a57e4b4599480c804cf63') in 0.005205 seconds
  Import took 0.007265 seconds .

========================================================================
Received Import Request.
  Time since last request: 1.099302 seconds.
  path: Assets/GoogleARCore/SDK/Plugins
  artifactKey: Guid(93be2b9777c348648a2d9151b7e233fc) Importer(815301076,1909f56bfc062723c751e8b465ee728b)
Start importing Assets/GoogleARCore/SDK/Plugins using Guid(93be2b9777c348648a2d9151b7e233fc) Importer(815301076,1909f56bfc062723c751e8b465ee728b)  -> (artifact id: '36c382713766cdf4e8daaa555a2aab9e') in 0.005260 seconds
  Import took 0.007415 seconds .

========================================================================
Received Import Request.
  Time since last request: 8.783354 seconds.
  path: Assets/GoogleARCore/SDK/Plugins/Google.Protobuf.dll
  artifactKey: Guid(0ccae430f209841809a6e35e22b8a746) Importer(815301076,1909f56bfc062723c751e8b465ee728b)
Start importing Assets/GoogleARCore/SDK/Plugins/Google.Protobuf.dll using Guid(0ccae430f209841809a6e35e22b8a746) Importer(815301076,1909f56bfc062723c751e8b465ee728b)  -> (artifact id: 'd4ab1424fe07232bb165ade38b67bca9') in 0.022798 seconds
  Import took 0.024951 seconds .

========================================================================
Received Import Request.
  Time since last request: 0.015479 seconds.
  path: Assets/GoogleARCore/SDK/Plugins/Google.Protobuf.dll
  artifactKey: Guid(0ccae430f209841809a6e35e22b8a746) Importer(815301076,1909f56bfc062723c751e8b465ee728b)
Start importing Assets/GoogleARCore/SDK/Plugins/Google.Protobuf.dll using Guid(0ccae430f209841809a6e35e22b8a746) Importer(815301076,1909f56bfc062723c751e8b465ee728b)  -> (artifact id: 'd4ab1424fe07232bb165ade38b67bca9') in 0.002054 seconds
  Import took 0.004081 seconds .

========================================================================
Received Import Request.
  Time since last request: 51.890117 seconds.
  path: Assets/GoogleARCore/Examples
  artifactKey: Guid(165068a6255814b639ac5e322836d8bb) Importer(815301076,1909f56bfc062723c751e8b465ee728b)
Start importing Assets/GoogleARCore/Examples using Guid(165068a6255814b639ac5e322836d8bb) Importer(815301076,1909f56bfc062723c751e8b465ee728b)  -> (artifact id: 'c0b65cc7a93c6e60ab7665959aae4dec') in 0.005403 seconds
  Import took 0.007560 seconds .

========================================================================
Received Import Request.
  Time since last request: 2.528819 seconds.
  path: Assets/GoogleARCore/Examples/HelloAR
  artifactKey: Guid(9fc78f95b5b944e5fa1707fdc27c441a) Importer(815301076,1909f56bfc062723c751e8b465ee728b)
Start importing Assets/GoogleARCore/Examples/HelloAR using Guid(9fc78f95b5b944e5fa1707fdc27c441a) Importer(815301076,1909f56bfc062723c751e8b465ee728b)  -> (artifact id: '6dd819cfcd391a4c8cbf5e9f47c0888a') in 0.005371 seconds
  Import took 0.007539 seconds .

========================================================================
Received Import Request.
  Time since last request: 0.100880 seconds.
  path: Assets/GoogleARCore/Examples/HelloAR/HelloARSessionConfig.asset
  artifactKey: Guid(4e47dbfd55f884d749206b5c8a5ef2ef) Importer(815301076,1909f56bfc062723c751e8b465ee728b)
Start importing Assets/GoogleARCore/Examples/HelloAR/HelloARSessionConfig.asset using Guid(4e47dbfd55f884d749206b5c8a5ef2ef) Importer(815301076,1909f56bfc062723c751e8b465ee728b)  -> (artifact id: '2b330d265bcce0eaf66b30a08c7bb052') in 0.007741 seconds
  Import took 0.009998 seconds .

========================================================================
Received Import Request.
  Time since last request: 12.731809 seconds.
  path: Assets/GoogleARCore/Examples/HelloAR/Scenes
  artifactKey: Guid(746e58a7900d640a2a174927ff8b4e76) Importer(815301076,1909f56bfc062723c751e8b465ee728b)
Start importing Assets/GoogleARCore/Examples/HelloAR/Scenes using Guid(746e58a7900d640a2a174927ff8b4e76) Importer(815301076,1909f56bfc062723c751e8b465ee728b)  -> (artifact id: '9ee5931b6e5482f94eeecdf415d070a5') in 0.005413 seconds
  Import took 0.007577 seconds .

========================================================================
Received Import Request.
  Time since last request: 0.724541 seconds.
  path: Assets/GoogleARCore/Examples/HelloAR/Scenes/HelloAR.unity
  artifactKey: Guid(8b5735a2d242c4dbface50f022a1c96b) Importer(815301076,1909f56bfc062723c751e8b465ee728b)
Start importing Assets/GoogleARCore/Examples/HelloAR/Scenes/HelloAR.unity using Guid(8b5735a2d242c4dbface50f022a1c96b) Importer(815301076,1909f56bfc062723c751e8b465ee728b)  -> (artifact id: '5c37846f367098c7cd721eee1a22bb43') in 0.010209 seconds
  Import took 0.012390 seconds .

========================================================================
Received Prepare
Registering precompiled user dll's ...
Registered in 0.002354 seconds.
Begin MonoManager ReloadAssembly
Native extension for Lumin target not found
Native extension for LinuxStandalone target not found
Native extension for WindowsStandalone target not found
Native extension for OSXStandalone target not found
Native extension for WebGL target not found
Refreshing native plugins compatible for Editor in 0.28 ms, found 0 plugins.
Preloading 0 native plugins for Editor in 0.00 ms.
Invoked RoslynAnalysisRunner static constructor.
RoslynAnalysisRunner will not be running.
RoslynAnalysisRunner has terminated.
Mono: successfully reloaded assembly
- Completed reload, in  0.687 seconds
Platform modules already initialized, skipping
Refreshing native plugins compatible for Editor in 0.28 ms, found 0 plugins.
Preloading 0 native plugins for Editor in 0.00 ms.
Unloading 1498 Unused Serialized files (Serialized files now loaded: 0)
System memory in use before: 71.7 MB.
System memory in use after: 71.8 MB.

Unloading 235 unused Assets to reduce memory usage. Loaded Objects now: 1992.
Total: 1.547200 ms (FindLiveObjects: 0.131700 ms CreateObjectMapping: 0.041900 ms MarkObjects: 1.292500 ms  DeleteObjects: 0.080300 ms)

========================================================================
Received Import Request.
  Time since last request: 229.051024 seconds.
  path: Assets/Scenes
  artifactKey: Guid(85c48a978afb36f429e21bd31a0fa8fe) Importer(815301076,1909f56bfc062723c751e8b465ee728b)
Start importing Assets/Scenes using Guid(85c48a978afb36f429e21bd31a0fa8fe) Importer(815301076,1909f56bfc062723c751e8b465ee728b)  -> (artifact id: 'e67da2f3ed1e66624739c8746755b861') in 0.006580 seconds
  Import took 0.009099 seconds .

========================================================================
Received Import Request.
  Time since last request: 0.001753 seconds.
  path: Assets/Scenes
  artifactKey: Guid(85c48a978afb36f429e21bd31a0fa8fe) Importer(815301076,1909f56bfc062723c751e8b465ee728b)
Start importing Assets/Scenes using Guid(85c48a978afb36f429e21bd31a0fa8fe) Importer(815301076,1909f56bfc062723c751e8b465ee728b)  -> (artifact id: 'e67da2f3ed1e66624739c8746755b861') in 0.002014 seconds
  Import took 0.003812 seconds .

========================================================================
Received Import Request.
  Time since last request: 0.785737 seconds.
  path: Assets/Scenes/SampleScene.unity
  artifactKey: Guid(9fc0d4010bbf28b4594072e72b8655ab) Importer(815301076,1909f56bfc062723c751e8b465ee728b)
Start importing Assets/Scenes/SampleScene.unity using Guid(9fc0d4010bbf28b4594072e72b8655ab) Importer(815301076,1909f56bfc062723c751e8b465ee728b)  -> (artifact id: '016640421bf54ce873cbc7b610fdb87c') in 0.009839 seconds
  Import took 0.011848 seconds .

========================================================================
Received Prepare
Registering precompiled user dll's ...
Registered in 0.002502 seconds.
Begin MonoManager ReloadAssembly
Native extension for Lumin target not found
Native extension for LinuxStandalone target not found
Native extension for WindowsStandalone target not found
Native extension for OSXStandalone target not found
Native extension for WebGL target not found
Refreshing native plugins compatible for Editor in 0.28 ms, found 0 plugins.
Preloading 0 native plugins for Editor in 0.00 ms.
Invoked RoslynAnalysisRunner static constructor.
RoslynAnalysisRunner will not be running.
RoslynAnalysisRunner has terminated.
Mono: successfully reloaded assembly
- Completed reload, in  0.686 seconds
Platform modules already initialized, skipping
Refreshing native plugins compatible for Editor in 0.28 ms, found 0 plugins.
Preloading 0 native plugins for Editor in 0.00 ms.
Unloading 1499 Unused Serialized files (Serialized files now loaded: 0)
System memory in use before: 70.6 MB.
System memory in use after: 70.7 MB.

Unloading 16 unused Assets to reduce memory usage. Loaded Objects now: 1995.
Total: 1.544600 ms (FindLiveObjects: 0.142700 ms CreateObjectMapping: 0.036600 ms MarkObjects: 1.325600 ms  DeleteObjects: 0.039000 ms)

========================================================================
Received Prepare
Registering precompiled user dll's ...
Registered in 0.002290 seconds.
Begin MonoManager ReloadAssembly
Native extension for Lumin target not found
Native extension for LinuxStandalone target not found
Native extension for WindowsStandalone target not found
Native extension for OSXStandalone target not found
Native extension for WebGL target not found
Refreshing native plugins compatible for Editor in 0.28 ms, found 0 plugins.
Preloading 0 native plugins for Editor in 0.00 ms.
Invoked RoslynAnalysisRunner static constructor.
RoslynAnalysisRunner will not be running.
RoslynAnalysisRunner has terminated.
Mono: successfully reloaded assembly
- Completed reload, in  0.697 seconds
Platform modules already initialized, skipping
Refreshing native plugins compatible for Editor in 0.28 ms, found 0 plugins.
Preloading 0 native plugins for Editor in 0.00 ms.
Unloading 1512 Unused Serialized files (Serialized files now loaded: 0)
System memory in use before: 71.1 MB.
System memory in use after: 71.1 MB.

Unloading 16 unused Assets to reduce memory usage. Loaded Objects now: 2011.
Total: 1.585400 ms (FindLiveObjects: 0.134400 ms CreateObjectMapping: 0.043100 ms MarkObjects: 1.367300 ms  DeleteObjects: 0.039700 ms)

========================================================================
Received Prepare
Registering precompiled user dll's ...
Registered in 0.002330 seconds.
Begin MonoManager ReloadAssembly
Native extension for Lumin target not found
Native extension for LinuxStandalone target not found
Native extension for WindowsStandalone target not found
Native extension for OSXStandalone target not found
Native extension for WebGL target not found
Refreshing native plugins compatible for Editor in 0.31 ms, found 0 plugins.
Preloading 0 native plugins for Editor in 0.00 ms.
Invoked RoslynAnalysisRunner static constructor.
RoslynAnalysisRunner will not be running.
RoslynAnalysisRunner has terminated.
Mono: successfully reloaded assembly
- Completed reload, in  0.698 seconds
Platform modules already initialized, skipping
Refreshing native plugins compatible for Editor in 0.28 ms, found 0 plugins.
Preloading 0 native plugins for Editor in 0.00 ms.
Unloading 1515 Unused Serialized files (Serialized files now loaded: 0)
System memory in use before: 71.3 MB.
System memory in use after: 71.3 MB.

Unloading 16 unused Assets to reduce memory usage. Loaded Objects now: 2017.
Total: 1.586100 ms (FindLiveObjects: 0.212100 ms CreateObjectMapping: 0.042800 ms MarkObjects: 1.285700 ms  DeleteObjects: 0.044900 ms)

========================================================================
Received Prepare
Registering precompiled user dll's ...
Registered in 0.002272 seconds.
Begin MonoManager ReloadAssembly
Native extension for Lumin target not found
Native extension for LinuxStandalone target not found
Native extension for WindowsStandalone target not found
Native extension for OSXStandalone target not found
Native extension for WebGL target not found
Refreshing native plugins compatible for Editor in 0.29 ms, found 0 plugins.
Preloading 0 native plugins for Editor in 0.00 ms.
Invoked RoslynAnalysisRunner static constructor.
RoslynAnalysisRunner will not be running.
RoslynAnalysisRunner has terminated.
Mono: successfully reloaded assembly
- Completed reload, in  0.688 seconds
Platform modules already initialized, skipping
Refreshing native plugins compatible for Editor in 0.30 ms, found 0 plugins.
Preloading 0 native plugins for Editor in 0.00 ms.
Unloading 1508 Unused Serialized files (Serialized files now loaded: 0)
System memory in use before: 71.2 MB.
System memory in use after: 71.3 MB.

Unloading 16 unused Assets to reduce memory usage. Loaded Objects now: 2020.
Total: 1.726900 ms (FindLiveObjects: 0.186100 ms CreateObjectMapping: 0.061400 ms MarkObjects: 1.435200 ms  DeleteObjects: 0.043100 ms)

========================================================================
Received Prepare
Registering precompiled user dll's ...
Registered in 0.002303 seconds.
Begin MonoManager ReloadAssembly
Native extension for Lumin target not found
Native extension for LinuxStandalone target not found
Native extension for WindowsStandalone target not found
Native extension for OSXStandalone target not found
Native extension for WebGL target not found
Refreshing native plugins compatible for Editor in 0.29 ms, found 0 plugins.
Preloading 0 native plugins for Editor in 0.00 ms.
Invoked RoslynAnalysisRunner static constructor.
RoslynAnalysisRunner will not be running.
RoslynAnalysisRunner has terminated.
Mono: successfully reloaded assembly
- Completed reload, in  0.713 seconds
Platform modules already initialized, skipping
Refreshing native plugins compatible for Editor in 0.28 ms, found 0 plugins.
Preloading 0 native plugins for Editor in 0.00 ms.
Unloading 1500 Unused Serialized files (Serialized files now loaded: 0)
System memory in use before: 71.1 MB.
System memory in use after: 71.2 MB.

Unloading 19 unused Assets to reduce memory usage. Loaded Objects now: 2020.
Total: 1.647400 ms (FindLiveObjects: 0.141500 ms CreateObjectMapping: 0.039900 ms MarkObjects: 1.419700 ms  DeleteObjects: 0.045700 ms)

========================================================================
Received Prepare
Registering precompiled user dll's ...
Registered in 0.002404 seconds.
Begin MonoManager ReloadAssembly
Native extension for Lumin target not found
Native extension for LinuxStandalone target not found
Native extension for WindowsStandalone target not found
Native extension for OSXStandalone target not found
Native extension for WebGL target not found
Refreshing native plugins compatible for Editor in 0.28 ms, found 0 plugins.
Preloading 0 native plugins for Editor in 0.00 ms.
Invoked RoslynAnalysisRunner static constructor.
RoslynAnalysisRunner will not be running.
RoslynAnalysisRunner has terminated.
Mono: successfully reloaded assembly
- Completed reload, in  0.701 seconds
Platform modules already initialized, skipping
Refreshing native plugins compatible for Editor in 0.27 ms, found 0 plugins.
Preloading 0 native plugins for Editor in 0.00 ms.
Unloading 1500 Unused Serialized files (Serialized files now loaded: 0)
System memory in use before: 71.2 MB.
System memory in use after: 71.3 MB.

Unloading 16 unused Assets to reduce memory usage. Loaded Objects now: 2023.
Total: 1.570700 ms (FindLiveObjects: 0.206600 ms CreateObjectMapping: 0.048800 ms MarkObjects: 1.270900 ms  DeleteObjects: 0.043500 ms)

AssetImportWorkerClient::OnTransportError - code=2 error=End of file
